2023-03-07 08:35:31,760 - urllib3.connectionpool - DEBUG - Starting new HTTP connection (1): 127.0.0.1:5000
2023-03-07 08:36:22,928 - urllib3.connectionpool - DEBUG - Starting new HTTP connection (1): 127.0.0.1:5000
2023-03-07 09:19:16,281 - urllib3.connectionpool - DEBUG - Starting new HTTP connection (1): 127.0.0.1:5000
2023-03-07 09:19:16,282 - src - ERROR - Exception on /doctors [GET]
Traceback (most recent call last):
  File "/home/denys/python/dentistClinic/venv/lib/python3.10/site-packages/urllib3/connection.py", line 174, in _new_conn
    conn = connection.create_connection(
  File "/home/denys/python/dentistClinic/venv/lib/python3.10/site-packages/urllib3/util/connection.py", line 95, in create_connection
    raise err
  File "/home/denys/python/dentistClinic/venv/lib/python3.10/site-packages/urllib3/util/connection.py", line 85, in create_connection
    sock.connect(sa)
ConnectionRefusedError: [Errno 111] Connection refused

During handling of the above exception, another exception occurred:

Traceback (most recent call last):
  File "/home/denys/python/dentistClinic/venv/lib/python3.10/site-packages/urllib3/connectionpool.py", line 703, in urlopen
    httplib_response = self._make_request(
  File "/home/denys/python/dentistClinic/venv/lib/python3.10/site-packages/urllib3/connectionpool.py", line 398, in _make_request
    conn.request(method, url, **httplib_request_kw)
  File "/home/denys/python/dentistClinic/venv/lib/python3.10/site-packages/urllib3/connection.py", line 239, in request
    super(HTTPConnection, self).request(method, url, body=body, headers=headers)
  File "/usr/lib/python3.10/http/client.py", line 1282, in request
    self._send_request(method, url, body, headers, encode_chunked)
  File "/usr/lib/python3.10/http/client.py", line 1328, in _send_request
    self.endheaders(body, encode_chunked=encode_chunked)
  File "/usr/lib/python3.10/http/client.py", line 1277, in endheaders
    self._send_output(message_body, encode_chunked=encode_chunked)
  File "/usr/lib/python3.10/http/client.py", line 1037, in _send_output
    self.send(msg)
  File "/usr/lib/python3.10/http/client.py", line 975, in send
    self.connect()
  File "/home/denys/python/dentistClinic/venv/lib/python3.10/site-packages/urllib3/connection.py", line 205, in connect
    conn = self._new_conn()
  File "/home/denys/python/dentistClinic/venv/lib/python3.10/site-packages/urllib3/connection.py", line 186, in _new_conn
    raise NewConnectionError(
urllib3.exceptions.NewConnectionError: <urllib3.connection.HTTPConnection object at 0x7f7e4baaa230>: Failed to establish a new connection: [Errno 111] Connection refused

During handling of the above exception, another exception occurred:

Traceback (most recent call last):
  File "/home/denys/python/dentistClinic/venv/lib/python3.10/site-packages/requests/adapters.py", line 489, in send
    resp = conn.urlopen(
  File "/home/denys/python/dentistClinic/venv/lib/python3.10/site-packages/urllib3/connectionpool.py", line 787, in urlopen
    retries = retries.increment(
  File "/home/denys/python/dentistClinic/venv/lib/python3.10/site-packages/urllib3/util/retry.py", line 592, in increment
    raise MaxRetryError(_pool, url, error or ResponseError(cause))
urllib3.exceptions.MaxRetryError: HTTPConnectionPool(host='127.0.0.1', port=5000): Max retries exceeded with url: /doctor-api (Caused by NewConnectionError('<urllib3.connection.HTTPConnection object at 0x7f7e4baaa230>: Failed to establish a new connection: [Errno 111] Connection refused'))

During handling of the above exception, another exception occurred:

Traceback (most recent call last):
  File "/home/denys/python/dentistClinic/venv/lib/python3.10/site-packages/flask/app.py", line 2528, in wsgi_app
    response = self.full_dispatch_request()
  File "/home/denys/python/dentistClinic/venv/lib/python3.10/site-packages/flask/app.py", line 1825, in full_dispatch_request
    rv = self.handle_user_exception(e)
  File "/home/denys/python/dentistClinic/venv/lib/python3.10/site-packages/flask_restful/__init__.py", line 271, in error_router
    return original_handler(e)
  File "/home/denys/python/dentistClinic/venv/lib/python3.10/site-packages/flask_restful/__init__.py", line 271, in error_router
    return original_handler(e)
  File "/home/denys/python/dentistClinic/venv/lib/python3.10/site-packages/flask/app.py", line 1823, in full_dispatch_request
    rv = self.dispatch_request()
  File "/home/denys/python/dentistClinic/venv/lib/python3.10/site-packages/flask/app.py", line 1799, in dispatch_request
    return self.ensure_sync(self.view_functions[rule.endpoint])(**view_args)
  File "/home/denys/python/dentistClinic/src/views/doctor_routes.py", line 19, in doctor_index
    doctors = requests.get("http://127.0.0.1:5000/doctor-api", timeout=1000).json()
  File "/home/denys/python/dentistClinic/venv/lib/python3.10/site-packages/requests/api.py", line 73, in get
    return request("get", url, params=params, **kwargs)
  File "/home/denys/python/dentistClinic/venv/lib/python3.10/site-packages/requests/api.py", line 59, in request
    return session.request(method=method, url=url, **kwargs)
  File "/home/denys/python/dentistClinic/venv/lib/python3.10/site-packages/requests/sessions.py", line 587, in request
    resp = self.send(prep, **send_kwargs)
  File "/home/denys/python/dentistClinic/venv/lib/python3.10/site-packages/requests/sessions.py", line 701, in send
    r = adapter.send(request, **kwargs)
  File "/home/denys/python/dentistClinic/venv/lib/python3.10/site-packages/requests/adapters.py", line 565, in send
    raise ConnectionError(e, request=request)
requests.exceptions.ConnectionError: HTTPConnectionPool(host='127.0.0.1', port=5000): Max retries exceeded with url: /doctor-api (Caused by NewConnectionError('<urllib3.connection.HTTPConnection object at 0x7f7e4baaa230>: Failed to establish a new connection: [Errno 111] Connection refused'))
2023-03-07 09:19:24,982 - urllib3.connectionpool - DEBUG - Starting new HTTP connection (1): 127.0.0.1:5000
2023-03-07 09:19:25,024 - urllib3.connectionpool - DEBUG - http://127.0.0.1:5000 "GET /doctor-api HTTP/1.1" 200 2640
2023-03-07 09:19:25,027 - urllib3.connectionpool - DEBUG - Starting new HTTP connection (1): 127.0.0.1:5000
2023-03-07 09:19:25,037 - urllib3.connectionpool - DEBUG - http://127.0.0.1:5000 "GET /doctor-api/count HTTP/1.1" 200 15
2023-03-07 09:19:42,578 - urllib3.connectionpool - DEBUG - Starting new HTTP connection (1): 127.0.0.1:5000
2023-03-07 09:19:42,583 - urllib3.connectionpool - DEBUG - http://127.0.0.1:5000 "GET /doctor-api HTTP/1.1" 200 2640
2023-03-07 09:19:42,584 - urllib3.connectionpool - DEBUG - Starting new HTTP connection (1): 127.0.0.1:5000
2023-03-07 09:19:42,589 - urllib3.connectionpool - DEBUG - http://127.0.0.1:5000 "GET /doctor-api/count HTTP/1.1" 200 15
2023-03-07 11:15:23,309 - urllib3.connectionpool - DEBUG - Starting new HTTP connection (1): 127.0.0.1:5000
2023-03-07 11:15:23,551 - urllib3.connectionpool - DEBUG - http://127.0.0.1:5000 "DELETE /doctor-api/154 HTTP/1.1" 200 47
2023-03-07 11:16:07,480 - urllib3.connectionpool - DEBUG - Starting new HTTP connection (1): 127.0.0.1:5000
2023-03-07 11:16:07,605 - urllib3.connectionpool - DEBUG - http://127.0.0.1:5000 "DELETE /doctor-api/155 HTTP/1.1" 200 47
2023-03-07 11:16:19,588 - urllib3.connectionpool - DEBUG - Starting new HTTP connection (1): 127.0.0.1:5000
2023-03-07 11:16:19,708 - urllib3.connectionpool - DEBUG - http://127.0.0.1:5000 "DELETE /doctor-api/156 HTTP/1.1" 200 47
2023-03-07 11:18:42,671 - urllib3.connectionpool - DEBUG - Starting new HTTP connection (1): 127.0.0.1:5000
2023-03-07 11:18:42,678 - urllib3.connectionpool - DEBUG - http://127.0.0.1:5000 "GET /doctor-api/157 HTTP/1.1" 200 156
2023-03-07 11:18:42,681 - urllib3.connectionpool - DEBUG - Starting new HTTP connection (1): 127.0.0.1:5000
2023-03-07 11:18:42,687 - urllib3.connectionpool - DEBUG - http://127.0.0.1:5000 "GET /doctor-api/clients/157 HTTP/1.1" 200 3
2023-03-07 11:20:00,659 - urllib3.connectionpool - DEBUG - Starting new HTTP connection (1): 127.0.0.1:5000
2023-03-07 11:20:00,664 - urllib3.connectionpool - DEBUG - http://127.0.0.1:5000 "GET /doctor-api/158 HTTP/1.1" 200 156
2023-03-07 11:20:00,666 - urllib3.connectionpool - DEBUG - Starting new HTTP connection (1): 127.0.0.1:5000
2023-03-07 11:20:00,672 - urllib3.connectionpool - DEBUG - http://127.0.0.1:5000 "GET /doctor-api/clients/158 HTTP/1.1" 200 3
2023-03-07 11:20:00,701 - urllib3.connectionpool - DEBUG - Starting new HTTP connection (1): 127.0.0.1:5000
2023-03-07 11:20:00,817 - urllib3.connectionpool - DEBUG - http://127.0.0.1:5000 "DELETE /doctor-api/158 HTTP/1.1" 200 47
2023-03-07 11:20:13,070 - urllib3.connectionpool - DEBUG - Starting new HTTP connection (1): 127.0.0.1:5000
2023-03-07 11:20:13,075 - urllib3.connectionpool - DEBUG - http://127.0.0.1:5000 "GET /doctor-api/159 HTTP/1.1" 200 156
2023-03-07 11:20:13,079 - urllib3.connectionpool - DEBUG - Starting new HTTP connection (1): 127.0.0.1:5000
2023-03-07 11:20:13,086 - urllib3.connectionpool - DEBUG - http://127.0.0.1:5000 "GET /doctor-api/clients/159 HTTP/1.1" 200 3
2023-03-07 11:20:13,118 - urllib3.connectionpool - DEBUG - Starting new HTTP connection (1): 127.0.0.1:5000
2023-03-07 11:20:13,275 - urllib3.connectionpool - DEBUG - http://127.0.0.1:5000 "DELETE /doctor-api/159 HTTP/1.1" 200 47
2023-03-07 11:37:50,952 - urllib3.connectionpool - DEBUG - Starting new HTTP connection (1): 127.0.0.1:5000
2023-03-07 11:37:50,956 - urllib3.connectionpool - DEBUG - http://127.0.0.1:5000 "GET /doctor-api/160 HTTP/1.1" 200 156
2023-03-07 11:37:50,983 - urllib3.connectionpool - DEBUG - Starting new HTTP connection (1): 127.0.0.1:5000
2023-03-07 11:37:50,987 - urllib3.connectionpool - DEBUG - http://127.0.0.1:5000 "GET /doctor-api/160 HTTP/1.1" 200 156
2023-03-07 11:39:33,455 - urllib3.connectionpool - DEBUG - Starting new HTTP connection (1): 127.0.0.1:5000
2023-03-07 11:39:33,459 - urllib3.connectionpool - DEBUG - http://127.0.0.1:5000 "GET /doctor-api/161 HTTP/1.1" 200 156
2023-03-07 11:39:33,490 - urllib3.connectionpool - DEBUG - Starting new HTTP connection (1): 127.0.0.1:5000
2023-03-07 11:39:33,495 - urllib3.connectionpool - DEBUG - http://127.0.0.1:5000 "GET /doctor-api/161 HTTP/1.1" 200 156
2023-03-07 11:39:33,497 - urllib3.connectionpool - DEBUG - Starting new HTTP connection (1): 127.0.0.1:5000
2023-03-07 11:39:33,503 - urllib3.connectionpool - DEBUG - http://127.0.0.1:5000 "POST /doctor-api/clients/161 HTTP/1.1" 200 3
2023-03-07 11:39:33,507 - urllib3.connectionpool - DEBUG - Starting new HTTP connection (1): 127.0.0.1:5000
2023-03-07 11:39:33,566 - urllib3.connectionpool - DEBUG - http://127.0.0.1:5000 "DELETE /doctor-api/161 HTTP/1.1" 200 47
2023-03-07 11:54:56,326 - urllib3.connectionpool - DEBUG - Starting new HTTP connection (1): 127.0.0.1:5000
2023-03-07 11:54:56,327 - src - ERROR - Exception on /doctors/162 [GET]
Traceback (most recent call last):
  File "/home/denys/python/dentistClinic/venv/lib/python3.10/site-packages/urllib3/connection.py", line 174, in _new_conn
    conn = connection.create_connection(
  File "/home/denys/python/dentistClinic/venv/lib/python3.10/site-packages/urllib3/util/connection.py", line 95, in create_connection
    raise err
  File "/home/denys/python/dentistClinic/venv/lib/python3.10/site-packages/urllib3/util/connection.py", line 85, in create_connection
    sock.connect(sa)
ConnectionRefusedError: [Errno 111] Connection refused

During handling of the above exception, another exception occurred:

Traceback (most recent call last):
  File "/home/denys/python/dentistClinic/venv/lib/python3.10/site-packages/urllib3/connectionpool.py", line 703, in urlopen
    httplib_response = self._make_request(
  File "/home/denys/python/dentistClinic/venv/lib/python3.10/site-packages/urllib3/connectionpool.py", line 398, in _make_request
    conn.request(method, url, **httplib_request_kw)
  File "/home/denys/python/dentistClinic/venv/lib/python3.10/site-packages/urllib3/connection.py", line 239, in request
    super(HTTPConnection, self).request(method, url, body=body, headers=headers)
  File "/usr/lib/python3.10/http/client.py", line 1282, in request
    self._send_request(method, url, body, headers, encode_chunked)
  File "/usr/lib/python3.10/http/client.py", line 1328, in _send_request
    self.endheaders(body, encode_chunked=encode_chunked)
  File "/usr/lib/python3.10/http/client.py", line 1277, in endheaders
    self._send_output(message_body, encode_chunked=encode_chunked)
  File "/usr/lib/python3.10/http/client.py", line 1037, in _send_output
    self.send(msg)
  File "/usr/lib/python3.10/http/client.py", line 975, in send
    self.connect()
  File "/home/denys/python/dentistClinic/venv/lib/python3.10/site-packages/urllib3/connection.py", line 205, in connect
    conn = self._new_conn()
  File "/home/denys/python/dentistClinic/venv/lib/python3.10/site-packages/urllib3/connection.py", line 186, in _new_conn
    raise NewConnectionError(
urllib3.exceptions.NewConnectionError: <urllib3.connection.HTTPConnection object at 0x7f21308e2c20>: Failed to establish a new connection: [Errno 111] Connection refused

During handling of the above exception, another exception occurred:

Traceback (most recent call last):
  File "/home/denys/python/dentistClinic/venv/lib/python3.10/site-packages/requests/adapters.py", line 489, in send
    resp = conn.urlopen(
  File "/home/denys/python/dentistClinic/venv/lib/python3.10/site-packages/urllib3/connectionpool.py", line 787, in urlopen
    retries = retries.increment(
  File "/home/denys/python/dentistClinic/venv/lib/python3.10/site-packages/urllib3/util/retry.py", line 592, in increment
    raise MaxRetryError(_pool, url, error or ResponseError(cause))
urllib3.exceptions.MaxRetryError: HTTPConnectionPool(host='127.0.0.1', port=5000): Max retries exceeded with url: /doctor-api/162 (Caused by NewConnectionError('<urllib3.connection.HTTPConnection object at 0x7f21308e2c20>: Failed to establish a new connection: [Errno 111] Connection refused'))

During handling of the above exception, another exception occurred:

Traceback (most recent call last):
  File "/home/denys/python/dentistClinic/venv/lib/python3.10/site-packages/flask/app.py", line 2528, in wsgi_app
    response = self.full_dispatch_request()
  File "/home/denys/python/dentistClinic/venv/lib/python3.10/site-packages/flask/app.py", line 1825, in full_dispatch_request
    rv = self.handle_user_exception(e)
  File "/home/denys/python/dentistClinic/venv/lib/python3.10/site-packages/flask_restful/__init__.py", line 271, in error_router
    return original_handler(e)
  File "/home/denys/python/dentistClinic/venv/lib/python3.10/site-packages/flask_restful/__init__.py", line 271, in error_router
    return original_handler(e)
  File "/home/denys/python/dentistClinic/venv/lib/python3.10/site-packages/flask/app.py", line 1823, in full_dispatch_request
    rv = self.dispatch_request()
  File "/home/denys/python/dentistClinic/venv/lib/python3.10/site-packages/flask/app.py", line 1799, in dispatch_request
    return self.ensure_sync(self.view_functions[rule.endpoint])(**view_args)
  File "/home/denys/python/dentistClinic/src/views/doctor_routes.py", line 53, in info
    req = requests.get(f"http://127.0.0.1:5000/doctor-api/{doctor_id}", timeout=1000)
  File "/home/denys/python/dentistClinic/venv/lib/python3.10/site-packages/requests/api.py", line 73, in get
    return request("get", url, params=params, **kwargs)
  File "/home/denys/python/dentistClinic/venv/lib/python3.10/site-packages/requests/api.py", line 59, in request
    return session.request(method=method, url=url, **kwargs)
  File "/home/denys/python/dentistClinic/venv/lib/python3.10/site-packages/requests/sessions.py", line 587, in request
    resp = self.send(prep, **send_kwargs)
  File "/home/denys/python/dentistClinic/venv/lib/python3.10/site-packages/requests/sessions.py", line 701, in send
    r = adapter.send(request, **kwargs)
  File "/home/denys/python/dentistClinic/venv/lib/python3.10/site-packages/requests/adapters.py", line 565, in send
    raise ConnectionError(e, request=request)
requests.exceptions.ConnectionError: HTTPConnectionPool(host='127.0.0.1', port=5000): Max retries exceeded with url: /doctor-api/162 (Caused by NewConnectionError('<urllib3.connection.HTTPConnection object at 0x7f21308e2c20>: Failed to establish a new connection: [Errno 111] Connection refused'))
2023-03-07 11:56:16,391 - urllib3.connectionpool - DEBUG - Starting new HTTP connection (1): 127.0.0.1:5000
2023-03-07 11:56:16,395 - urllib3.connectionpool - DEBUG - http://127.0.0.1:5000 "GET /doctor-api/163 HTTP/1.1" 200 156
2023-03-07 11:56:16,397 - urllib3.connectionpool - DEBUG - Starting new HTTP connection (1): 127.0.0.1:5000
2023-03-07 11:56:16,406 - urllib3.connectionpool - DEBUG - http://127.0.0.1:5000 "GET /doctor-api/clients/163 HTTP/1.1" 200 3
2023-03-07 11:56:16,432 - urllib3.connectionpool - DEBUG - Starting new HTTP connection (1): 127.0.0.1:5000
2023-03-07 11:56:16,609 - urllib3.connectionpool - DEBUG - http://127.0.0.1:5000 "DELETE /doctor-api/163 HTTP/1.1" 200 47
2023-03-07 11:56:58,671 - urllib3.connectionpool - DEBUG - Starting new HTTP connection (1): 127.0.0.1:5000
2023-03-07 11:56:58,675 - urllib3.connectionpool - DEBUG - http://127.0.0.1:5000 "GET /doctor-api/165 HTTP/1.1" 200 156
2023-03-07 11:56:58,676 - urllib3.connectionpool - DEBUG - Starting new HTTP connection (1): 127.0.0.1:5000
2023-03-07 11:56:58,682 - urllib3.connectionpool - DEBUG - http://127.0.0.1:5000 "POST /doctor-api/clients/165 HTTP/1.1" 200 3
2023-03-07 11:56:58,702 - urllib3.connectionpool - DEBUG - Starting new HTTP connection (1): 127.0.0.1:5000
2023-03-07 11:56:58,765 - urllib3.connectionpool - DEBUG - http://127.0.0.1:5000 "DELETE /doctor-api/165 HTTP/1.1" 200 47
2023-03-07 11:57:05,383 - urllib3.connectionpool - DEBUG - Starting new HTTP connection (1): 127.0.0.1:5000
2023-03-07 11:57:05,387 - urllib3.connectionpool - DEBUG - http://127.0.0.1:5000 "GET /doctor-api/166 HTTP/1.1" 200 156
2023-03-07 11:57:05,389 - urllib3.connectionpool - DEBUG - Starting new HTTP connection (1): 127.0.0.1:5000
2023-03-07 11:57:05,395 - urllib3.connectionpool - DEBUG - http://127.0.0.1:5000 "GET /doctor-api/clients/166 HTTP/1.1" 200 3
2023-03-07 11:57:05,423 - urllib3.connectionpool - DEBUG - Starting new HTTP connection (1): 127.0.0.1:5000
2023-03-07 11:57:05,485 - urllib3.connectionpool - DEBUG - http://127.0.0.1:5000 "DELETE /doctor-api/166 HTTP/1.1" 200 47
2023-03-07 12:02:22,515 - urllib3.connectionpool - DEBUG - Starting new HTTP connection (1): 127.0.0.1:5000
2023-03-07 12:02:22,520 - urllib3.connectionpool - DEBUG - http://127.0.0.1:5000 "GET /doctor-api HTTP/1.1" 200 3739
2023-03-07 12:02:22,526 - urllib3.connectionpool - DEBUG - Starting new HTTP connection (1): 127.0.0.1:5000
2023-03-07 12:02:22,657 - urllib3.connectionpool - DEBUG - http://127.0.0.1:5000 "POST /doctor-api HTTP/1.1" 200 213
2023-03-07 12:03:08,049 - urllib3.connectionpool - DEBUG - Starting new HTTP connection (1): 127.0.0.1:5000
2023-03-07 12:03:08,054 - urllib3.connectionpool - DEBUG - http://127.0.0.1:5000 "GET /doctor-api HTTP/1.1" 200 3897
2023-03-07 12:03:08,058 - urllib3.connectionpool - DEBUG - Starting new HTTP connection (1): 127.0.0.1:5000
2023-03-07 12:03:08,142 - urllib3.connectionpool - DEBUG - http://127.0.0.1:5000 "POST /doctor-api HTTP/1.1" 200 213
2023-03-07 12:44:39,456 - urllib3.connectionpool - DEBUG - Starting new HTTP connection (1): 127.0.0.1:5000
2023-03-07 12:44:39,497 - urllib3.connectionpool - DEBUG - http://127.0.0.1:5000 "GET /doctor-api HTTP/1.1" 200 4055
2023-03-07 12:44:39,499 - urllib3.connectionpool - DEBUG - Starting new HTTP connection (1): 127.0.0.1:5000
2023-03-07 12:44:39,647 - urllib3.connectionpool - DEBUG - http://127.0.0.1:5000 "POST /doctor-api HTTP/1.1" 200 210
2023-03-07 12:45:21,745 - urllib3.connectionpool - DEBUG - Starting new HTTP connection (1): 127.0.0.1:5000
2023-03-07 12:45:21,751 - urllib3.connectionpool - DEBUG - http://127.0.0.1:5000 "GET /doctor-api HTTP/1.1" 200 4210
2023-03-07 12:45:21,755 - urllib3.connectionpool - DEBUG - Starting new HTTP connection (1): 127.0.0.1:5000
2023-03-07 12:45:21,823 - urllib3.connectionpool - DEBUG - http://127.0.0.1:5000 "POST /doctor-api HTTP/1.1" 200 210
2023-03-07 12:46:01,019 - urllib3.connectionpool - DEBUG - Starting new HTTP connection (1): 127.0.0.1:5000
2023-03-07 12:46:01,036 - urllib3.connectionpool - DEBUG - http://127.0.0.1:5000 "GET /doctor-api HTTP/1.1" 200 4365
2023-03-07 12:46:01,038 - urllib3.connectionpool - DEBUG - Starting new HTTP connection (1): 127.0.0.1:5000
2023-03-07 12:46:01,041 - urllib3.connectionpool - DEBUG - http://127.0.0.1:5000 "POST /doctor-api HTTP/1.1" 400 92
2023-03-07 12:46:17,979 - urllib3.connectionpool - DEBUG - Starting new HTTP connection (1): 127.0.0.1:5000
2023-03-07 12:46:17,986 - urllib3.connectionpool - DEBUG - http://127.0.0.1:5000 "GET /doctor-api HTTP/1.1" 200 4365
2023-03-07 12:46:17,988 - urllib3.connectionpool - DEBUG - Starting new HTTP connection (1): 127.0.0.1:5000
2023-03-07 12:46:17,991 - urllib3.connectionpool - DEBUG - http://127.0.0.1:5000 "POST /doctor-api HTTP/1.1" 400 92
2023-03-07 12:46:46,773 - urllib3.connectionpool - DEBUG - Starting new HTTP connection (1): 127.0.0.1:5000
2023-03-07 12:46:46,787 - urllib3.connectionpool - DEBUG - http://127.0.0.1:5000 "GET /doctor-api HTTP/1.1" 200 4365
2023-03-07 12:46:46,789 - urllib3.connectionpool - DEBUG - Starting new HTTP connection (1): 127.0.0.1:5000
2023-03-07 12:46:46,792 - urllib3.connectionpool - DEBUG - http://127.0.0.1:5000 "POST /doctor-api HTTP/1.1" 400 92
2023-03-07 12:47:19,920 - urllib3.connectionpool - DEBUG - Starting new HTTP connection (1): 127.0.0.1:5000
2023-03-07 12:47:19,927 - urllib3.connectionpool - DEBUG - http://127.0.0.1:5000 "GET /doctor-api HTTP/1.1" 200 4365
2023-03-07 12:47:19,929 - urllib3.connectionpool - DEBUG - Starting new HTTP connection (1): 127.0.0.1:5000
2023-03-07 12:47:19,931 - urllib3.connectionpool - DEBUG - http://127.0.0.1:5000 "POST /doctor-api HTTP/1.1" 400 92
2023-03-07 12:47:56,285 - urllib3.connectionpool - DEBUG - Starting new HTTP connection (1): 127.0.0.1:5000
2023-03-07 12:47:56,289 - urllib3.connectionpool - DEBUG - http://127.0.0.1:5000 "GET /doctor-api HTTP/1.1" 200 4365
2023-03-07 12:48:14,311 - urllib3.connectionpool - DEBUG - Starting new HTTP connection (1): 127.0.0.1:5000
2023-03-07 12:48:14,320 - urllib3.connectionpool - DEBUG - http://127.0.0.1:5000 "GET /doctor-api HTTP/1.1" 200 4365
2023-03-07 12:48:26,722 - urllib3.connectionpool - DEBUG - Starting new HTTP connection (1): 127.0.0.1:5000
2023-03-07 12:48:26,727 - urllib3.connectionpool - DEBUG - http://127.0.0.1:5000 "GET /doctor-api HTTP/1.1" 200 4365
2023-03-07 12:48:26,729 - urllib3.connectionpool - DEBUG - Starting new HTTP connection (1): 127.0.0.1:5000
2023-03-07 12:48:26,756 - urllib3.connectionpool - DEBUG - http://127.0.0.1:5000 "POST /doctor-api HTTP/1.1" 500 37
2023-03-07 12:48:58,662 - urllib3.connectionpool - DEBUG - Starting new HTTP connection (1): 127.0.0.1:5000
2023-03-07 12:48:58,667 - urllib3.connectionpool - DEBUG - http://127.0.0.1:5000 "GET /doctor-api HTTP/1.1" 200 4365
2023-03-07 12:48:58,670 - urllib3.connectionpool - DEBUG - Starting new HTTP connection (1): 127.0.0.1:5000
2023-03-07 12:48:58,732 - urllib3.connectionpool - DEBUG - http://127.0.0.1:5000 "POST /doctor-api HTTP/1.1" 200 210
2023-03-07 12:49:19,275 - urllib3.connectionpool - DEBUG - Starting new HTTP connection (1): 127.0.0.1:5000
2023-03-07 12:49:19,281 - urllib3.connectionpool - DEBUG - http://127.0.0.1:5000 "GET /doctor-api HTTP/1.1" 200 4520
2023-03-07 12:49:19,283 - urllib3.connectionpool - DEBUG - Starting new HTTP connection (1): 127.0.0.1:5000
2023-03-07 12:49:19,344 - urllib3.connectionpool - DEBUG - http://127.0.0.1:5000 "POST /doctor-api HTTP/1.1" 200 210
2023-03-07 12:49:19,348 - urllib3.connectionpool - DEBUG - Starting new HTTP connection (1): 127.0.0.1:5000
2023-03-07 12:49:19,352 - urllib3.connectionpool - DEBUG - http://127.0.0.1:5000 "GET /doctor-api/172 HTTP/1.1" 200 154
2023-03-07 12:49:19,390 - urllib3.connectionpool - DEBUG - Starting new HTTP connection (1): 127.0.0.1:5000
2023-03-07 12:49:19,393 - urllib3.connectionpool - DEBUG - http://127.0.0.1:5000 "GET /doctor-api/172 HTTP/1.1" 200 154
2023-03-07 12:49:19,395 - urllib3.connectionpool - DEBUG - Starting new HTTP connection (1): 127.0.0.1:5000
2023-03-07 12:49:19,559 - urllib3.connectionpool - DEBUG - http://127.0.0.1:5000 "PUT /doctor-api/172 HTTP/1.1" 200 162
2023-03-07 12:49:19,561 - urllib3.connectionpool - DEBUG - Starting new HTTP connection (1): 127.0.0.1:5000
2023-03-07 12:49:19,779 - urllib3.connectionpool - DEBUG - http://127.0.0.1:5000 "DELETE /doctor-api/172 HTTP/1.1" 200 47
2023-03-07 12:49:38,430 - urllib3.connectionpool - DEBUG - Starting new HTTP connection (1): 127.0.0.1:5000
2023-03-07 12:49:38,436 - urllib3.connectionpool - DEBUG - http://127.0.0.1:5000 "GET /doctor-api HTTP/1.1" 200 4520
2023-03-07 12:49:38,438 - urllib3.connectionpool - DEBUG - Starting new HTTP connection (1): 127.0.0.1:5000
2023-03-07 12:49:38,576 - urllib3.connectionpool - DEBUG - http://127.0.0.1:5000 "POST /doctor-api HTTP/1.1" 200 210
2023-03-07 12:49:38,985 - urllib3.connectionpool - DEBUG - Starting new HTTP connection (1): 127.0.0.1:5000
2023-03-07 12:49:39,066 - urllib3.connectionpool - DEBUG - http://127.0.0.1:5000 "DELETE /doctor-api/174 HTTP/1.1" 200 47
2023-03-07 12:49:39,072 - urllib3.connectionpool - DEBUG - Starting new HTTP connection (1): 127.0.0.1:5000
2023-03-07 12:49:39,077 - urllib3.connectionpool - DEBUG - http://127.0.0.1:5000 "GET /doctor-api HTTP/1.1" 200 4675
2023-03-07 12:49:39,079 - urllib3.connectionpool - DEBUG - Starting new HTTP connection (1): 127.0.0.1:5000
2023-03-07 12:49:39,169 - urllib3.connectionpool - DEBUG - http://127.0.0.1:5000 "POST /doctor-api HTTP/1.1" 200 210
2023-03-07 12:49:39,171 - urllib3.connectionpool - DEBUG - Starting new HTTP connection (1): 127.0.0.1:5000
2023-03-07 12:49:39,175 - urllib3.connectionpool - DEBUG - http://127.0.0.1:5000 "GET /doctor-api/175 HTTP/1.1" 200 154
2023-03-07 12:49:39,183 - urllib3.connectionpool - DEBUG - Starting new HTTP connection (1): 127.0.0.1:5000
2023-03-07 12:49:39,187 - urllib3.connectionpool - DEBUG - http://127.0.0.1:5000 "GET /doctor-api/175 HTTP/1.1" 200 154
2023-03-07 12:49:39,189 - urllib3.connectionpool - DEBUG - Starting new HTTP connection (1): 127.0.0.1:5000
2023-03-07 12:49:39,279 - urllib3.connectionpool - DEBUG - http://127.0.0.1:5000 "PUT /doctor-api/175 HTTP/1.1" 200 162
2023-03-07 12:49:39,282 - urllib3.connectionpool - DEBUG - Starting new HTTP connection (1): 127.0.0.1:5000
2023-03-07 12:49:39,359 - urllib3.connectionpool - DEBUG - http://127.0.0.1:5000 "DELETE /doctor-api/175 HTTP/1.1" 200 47
2023-03-07 12:49:39,435 - urllib3.connectionpool - DEBUG - Starting new HTTP connection (1): 127.0.0.1:5000
2023-03-07 12:49:39,439 - urllib3.connectionpool - DEBUG - http://127.0.0.1:5000 "GET /doctor-api/176 HTTP/1.1" 200 156
2023-03-07 12:49:39,441 - urllib3.connectionpool - DEBUG - Starting new HTTP connection (1): 127.0.0.1:5000
2023-03-07 12:49:39,447 - urllib3.connectionpool - DEBUG - http://127.0.0.1:5000 "POST /doctor-api/clients/176 HTTP/1.1" 200 3
2023-03-07 12:49:39,457 - urllib3.connectionpool - DEBUG - Starting new HTTP connection (1): 127.0.0.1:5000
2023-03-07 12:49:39,528 - urllib3.connectionpool - DEBUG - http://127.0.0.1:5000 "DELETE /doctor-api/176 HTTP/1.1" 200 47
2023-03-07 12:49:39,533 - urllib3.connectionpool - DEBUG - Starting new HTTP connection (1): 127.0.0.1:5000
2023-03-07 12:49:39,539 - urllib3.connectionpool - DEBUG - http://127.0.0.1:5000 "GET /doctor-api HTTP/1.1" 200 4675
2023-03-07 12:49:39,540 - urllib3.connectionpool - DEBUG - Starting new HTTP connection (1): 127.0.0.1:5000
2023-03-07 12:49:39,546 - urllib3.connectionpool - DEBUG - http://127.0.0.1:5000 "GET /doctor-api/count HTTP/1.1" 200 15
2023-03-07 12:49:39,647 - urllib3.connectionpool - DEBUG - Starting new HTTP connection (1): 127.0.0.1:5000
2023-03-07 12:49:39,650 - urllib3.connectionpool - DEBUG - http://127.0.0.1:5000 "GET /doctor-api/177 HTTP/1.1" 200 156
2023-03-07 12:49:39,652 - urllib3.connectionpool - DEBUG - Starting new HTTP connection (1): 127.0.0.1:5000
2023-03-07 12:49:39,657 - urllib3.connectionpool - DEBUG - http://127.0.0.1:5000 "GET /doctor-api/clients/177 HTTP/1.1" 200 3
2023-03-07 12:49:39,659 - urllib3.connectionpool - DEBUG - Starting new HTTP connection (1): 127.0.0.1:5000
2023-03-07 12:49:39,729 - urllib3.connectionpool - DEBUG - http://127.0.0.1:5000 "DELETE /doctor-api/177 HTTP/1.1" 200 47
2023-03-07 12:50:25,350 - urllib3.connectionpool - DEBUG - Starting new HTTP connection (1): 127.0.0.1:5000
2023-03-07 12:50:25,354 - urllib3.connectionpool - DEBUG - http://127.0.0.1:5000 "GET /doctor-api HTTP/1.1" 200 4675
2023-03-07 12:50:25,356 - urllib3.connectionpool - DEBUG - Starting new HTTP connection (1): 127.0.0.1:5000
2023-03-07 12:50:25,424 - urllib3.connectionpool - DEBUG - http://127.0.0.1:5000 "POST /doctor-api HTTP/1.1" 200 210
2023-03-07 12:50:25,575 - urllib3.connectionpool - DEBUG - Starting new HTTP connection (1): 127.0.0.1:5000
2023-03-07 12:50:25,781 - urllib3.connectionpool - DEBUG - http://127.0.0.1:5000 "DELETE /doctor-api/179 HTTP/1.1" 200 47
2023-03-07 12:50:25,784 - urllib3.connectionpool - DEBUG - Starting new HTTP connection (1): 127.0.0.1:5000
2023-03-07 12:50:25,790 - urllib3.connectionpool - DEBUG - http://127.0.0.1:5000 "GET /doctor-api HTTP/1.1" 200 4830
2023-03-07 12:50:25,793 - urllib3.connectionpool - DEBUG - Starting new HTTP connection (1): 127.0.0.1:5000
2023-03-07 12:50:25,933 - urllib3.connectionpool - DEBUG - http://127.0.0.1:5000 "POST /doctor-api HTTP/1.1" 200 210
2023-03-07 12:50:25,935 - urllib3.connectionpool - DEBUG - Starting new HTTP connection (1): 127.0.0.1:5000
2023-03-07 12:50:25,938 - urllib3.connectionpool - DEBUG - http://127.0.0.1:5000 "GET /doctor-api/180 HTTP/1.1" 200 154
2023-03-07 12:50:25,944 - urllib3.connectionpool - DEBUG - Starting new HTTP connection (1): 127.0.0.1:5000
2023-03-07 12:50:25,947 - urllib3.connectionpool - DEBUG - http://127.0.0.1:5000 "GET /doctor-api/180 HTTP/1.1" 200 154
2023-03-07 12:50:25,948 - urllib3.connectionpool - DEBUG - Starting new HTTP connection (1): 127.0.0.1:5000
2023-03-07 12:50:26,040 - urllib3.connectionpool - DEBUG - http://127.0.0.1:5000 "PUT /doctor-api/180 HTTP/1.1" 200 162
2023-03-07 12:50:26,042 - urllib3.connectionpool - DEBUG - Starting new HTTP connection (1): 127.0.0.1:5000
2023-03-07 12:50:26,150 - urllib3.connectionpool - DEBUG - http://127.0.0.1:5000 "DELETE /doctor-api/180 HTTP/1.1" 200 47
2023-03-07 12:50:26,243 - urllib3.connectionpool - DEBUG - Starting new HTTP connection (1): 127.0.0.1:5000
2023-03-07 12:50:26,246 - urllib3.connectionpool - DEBUG - http://127.0.0.1:5000 "GET /doctor-api/181 HTTP/1.1" 200 156
2023-03-07 12:50:26,249 - urllib3.connectionpool - DEBUG - Starting new HTTP connection (1): 127.0.0.1:5000
2023-03-07 12:50:26,253 - urllib3.connectionpool - DEBUG - http://127.0.0.1:5000 "POST /doctor-api/clients/181 HTTP/1.1" 200 3
2023-03-07 12:50:26,262 - urllib3.connectionpool - DEBUG - Starting new HTTP connection (1): 127.0.0.1:5000
2023-03-07 12:50:26,333 - urllib3.connectionpool - DEBUG - http://127.0.0.1:5000 "DELETE /doctor-api/181 HTTP/1.1" 200 47
2023-03-07 12:50:26,337 - urllib3.connectionpool - DEBUG - Starting new HTTP connection (1): 127.0.0.1:5000
2023-03-07 12:50:26,342 - urllib3.connectionpool - DEBUG - http://127.0.0.1:5000 "GET /doctor-api HTTP/1.1" 200 4830
2023-03-07 12:50:26,344 - urllib3.connectionpool - DEBUG - Starting new HTTP connection (1): 127.0.0.1:5000
2023-03-07 12:50:26,349 - urllib3.connectionpool - DEBUG - http://127.0.0.1:5000 "GET /doctor-api/count HTTP/1.1" 200 15
2023-03-07 12:50:26,419 - urllib3.connectionpool - DEBUG - Starting new HTTP connection (1): 127.0.0.1:5000
2023-03-07 12:50:26,422 - urllib3.connectionpool - DEBUG - http://127.0.0.1:5000 "GET /doctor-api/182 HTTP/1.1" 200 156
2023-03-07 12:50:26,423 - urllib3.connectionpool - DEBUG - Starting new HTTP connection (1): 127.0.0.1:5000
2023-03-07 12:50:26,427 - urllib3.connectionpool - DEBUG - http://127.0.0.1:5000 "GET /doctor-api/clients/182 HTTP/1.1" 200 3
2023-03-07 12:50:26,429 - urllib3.connectionpool - DEBUG - Starting new HTTP connection (1): 127.0.0.1:5000
2023-03-07 12:50:26,502 - urllib3.connectionpool - DEBUG - http://127.0.0.1:5000 "DELETE /doctor-api/182 HTTP/1.1" 200 47
2023-03-07 12:50:53,470 - urllib3.connectionpool - DEBUG - Starting new HTTP connection (1): 127.0.0.1:5000
2023-03-07 12:50:53,474 - urllib3.connectionpool - DEBUG - http://127.0.0.1:5000 "GET /doctor-api HTTP/1.1" 200 1384
2023-03-07 12:50:53,476 - urllib3.connectionpool - DEBUG - Starting new HTTP connection (1): 127.0.0.1:5000
2023-03-07 12:50:53,536 - urllib3.connectionpool - DEBUG - http://127.0.0.1:5000 "POST /doctor-api HTTP/1.1" 200 210
2023-03-07 12:50:53,812 - urllib3.connectionpool - DEBUG - Starting new HTTP connection (1): 127.0.0.1:5000
2023-03-07 12:50:53,877 - urllib3.connectionpool - DEBUG - http://127.0.0.1:5000 "DELETE /doctor-api/184 HTTP/1.1" 200 47
2023-03-07 12:50:53,881 - urllib3.connectionpool - DEBUG - Starting new HTTP connection (1): 127.0.0.1:5000
2023-03-07 12:50:53,886 - urllib3.connectionpool - DEBUG - http://127.0.0.1:5000 "GET /doctor-api HTTP/1.1" 200 1539
2023-03-07 12:50:53,888 - urllib3.connectionpool - DEBUG - Starting new HTTP connection (1): 127.0.0.1:5000
2023-03-07 12:50:53,962 - urllib3.connectionpool - DEBUG - http://127.0.0.1:5000 "POST /doctor-api HTTP/1.1" 200 210
2023-03-07 12:50:53,965 - urllib3.connectionpool - DEBUG - Starting new HTTP connection (1): 127.0.0.1:5000
2023-03-07 12:50:53,968 - urllib3.connectionpool - DEBUG - http://127.0.0.1:5000 "GET /doctor-api/185 HTTP/1.1" 200 154
2023-03-07 12:50:53,974 - urllib3.connectionpool - DEBUG - Starting new HTTP connection (1): 127.0.0.1:5000
2023-03-07 12:50:53,977 - urllib3.connectionpool - DEBUG - http://127.0.0.1:5000 "GET /doctor-api/185 HTTP/1.1" 200 154
2023-03-07 12:50:53,979 - urllib3.connectionpool - DEBUG - Starting new HTTP connection (1): 127.0.0.1:5000
2023-03-07 12:50:54,044 - urllib3.connectionpool - DEBUG - http://127.0.0.1:5000 "PUT /doctor-api/185 HTTP/1.1" 200 162
2023-03-07 12:50:54,046 - urllib3.connectionpool - DEBUG - Starting new HTTP connection (1): 127.0.0.1:5000
2023-03-07 12:50:54,137 - urllib3.connectionpool - DEBUG - http://127.0.0.1:5000 "DELETE /doctor-api/185 HTTP/1.1" 200 47
2023-03-07 12:50:54,214 - urllib3.connectionpool - DEBUG - Starting new HTTP connection (1): 127.0.0.1:5000
2023-03-07 12:50:54,217 - urllib3.connectionpool - DEBUG - http://127.0.0.1:5000 "GET /doctor-api/186 HTTP/1.1" 200 156
2023-03-07 12:50:54,219 - urllib3.connectionpool - DEBUG - Starting new HTTP connection (1): 127.0.0.1:5000
2023-03-07 12:50:54,224 - urllib3.connectionpool - DEBUG - http://127.0.0.1:5000 "POST /doctor-api/clients/186 HTTP/1.1" 200 3
2023-03-07 12:50:54,230 - urllib3.connectionpool - DEBUG - Starting new HTTP connection (1): 127.0.0.1:5000
2023-03-07 12:50:54,313 - urllib3.connectionpool - DEBUG - http://127.0.0.1:5000 "DELETE /doctor-api/186 HTTP/1.1" 200 47
2023-03-07 12:50:54,318 - urllib3.connectionpool - DEBUG - Starting new HTTP connection (1): 127.0.0.1:5000
2023-03-07 12:50:54,323 - urllib3.connectionpool - DEBUG - http://127.0.0.1:5000 "GET /doctor-api HTTP/1.1" 200 1539
2023-03-07 12:50:54,325 - urllib3.connectionpool - DEBUG - Starting new HTTP connection (1): 127.0.0.1:5000
2023-03-07 12:50:54,334 - urllib3.connectionpool - DEBUG - http://127.0.0.1:5000 "GET /doctor-api/count HTTP/1.1" 200 15
2023-03-07 12:50:54,415 - urllib3.connectionpool - DEBUG - Starting new HTTP connection (1): 127.0.0.1:5000
2023-03-07 12:50:54,418 - urllib3.connectionpool - DEBUG - http://127.0.0.1:5000 "GET /doctor-api/187 HTTP/1.1" 200 156
2023-03-07 12:50:54,419 - urllib3.connectionpool - DEBUG - Starting new HTTP connection (1): 127.0.0.1:5000
2023-03-07 12:50:54,424 - urllib3.connectionpool - DEBUG - http://127.0.0.1:5000 "GET /doctor-api/clients/187 HTTP/1.1" 200 3
2023-03-07 12:50:54,426 - urllib3.connectionpool - DEBUG - Starting new HTTP connection (1): 127.0.0.1:5000
2023-03-07 12:50:54,513 - urllib3.connectionpool - DEBUG - http://127.0.0.1:5000 "DELETE /doctor-api/187 HTTP/1.1" 200 47
2023-03-07 12:53:37,218 - urllib3.connectionpool - DEBUG - Starting new HTTP connection (1): 127.0.0.1:5000
2023-03-07 12:53:37,225 - urllib3.connectionpool - DEBUG - http://127.0.0.1:5000 "GET /patient-api HTTP/1.1" 200 2284
2023-03-07 12:54:30,433 - urllib3.connectionpool - DEBUG - Starting new HTTP connection (1): 127.0.0.1:5000
2023-03-07 12:54:30,512 - urllib3.connectionpool - DEBUG - http://127.0.0.1:5000 "DELETE /patient-api/108 HTTP/1.1" 200 48
2023-03-07 12:57:52,199 - urllib3.connectionpool - DEBUG - Starting new HTTP connection (1): 127.0.0.1:5000
2023-03-07 12:57:52,204 - urllib3.connectionpool - DEBUG - http://127.0.0.1:5000 "GET /patient-api/109 HTTP/1.1" 200 212
2023-03-07 12:57:52,212 - urllib3.connectionpool - DEBUG - Starting new HTTP connection (1): 127.0.0.1:5000
2023-03-07 12:57:52,217 - urllib3.connectionpool - DEBUG - http://127.0.0.1:5000 "GET /doctor-api HTTP/1.1" 200 1539
2023-03-07 12:57:52,248 - urllib3.connectionpool - DEBUG - Starting new HTTP connection (1): 127.0.0.1:5000
2023-03-07 12:57:52,298 - urllib3.connectionpool - DEBUG - http://127.0.0.1:5000 "DELETE /patient-api/109 HTTP/1.1" 200 48
2023-03-07 12:59:42,222 - urllib3.connectionpool - DEBUG - Starting new HTTP connection (1): 127.0.0.1:5000
2023-03-07 12:59:42,226 - urllib3.connectionpool - DEBUG - http://127.0.0.1:5000 "GET /patient-api HTTP/1.1" 200 2284
2023-03-07 12:59:42,229 - urllib3.connectionpool - DEBUG - Starting new HTTP connection (1): 127.0.0.1:5000
2023-03-07 12:59:42,316 - urllib3.connectionpool - DEBUG - http://127.0.0.1:5000 "POST /patient-api HTTP/1.1" 200 267
2023-03-07 13:02:17,304 - urllib3.connectionpool - DEBUG - Starting new HTTP connection (1): 127.0.0.1:5000
2023-03-07 13:02:17,309 - urllib3.connectionpool - DEBUG - http://127.0.0.1:5000 "GET /patient-api HTTP/1.1" 200 2494
2023-03-07 13:02:17,311 - urllib3.connectionpool - DEBUG - Starting new HTTP connection (1): 127.0.0.1:5000
2023-03-07 13:02:17,390 - urllib3.connectionpool - DEBUG - http://127.0.0.1:5000 "POST /patient-api HTTP/1.1" 200 267
2023-03-07 13:02:17,394 - urllib3.connectionpool - DEBUG - Starting new HTTP connection (1): 127.0.0.1:5000
2023-03-07 13:02:17,398 - urllib3.connectionpool - DEBUG - http://127.0.0.1:5000 "GET /patient-api/111 HTTP/1.1" 200 209
2023-03-07 13:02:17,436 - urllib3.connectionpool - DEBUG - Starting new HTTP connection (1): 127.0.0.1:5000
2023-03-07 13:02:17,456 - urllib3.connectionpool - DEBUG - http://127.0.0.1:5000 "GET /doctor-api/111 HTTP/1.1" 404 49
2023-03-07 13:02:17,458 - urllib3.connectionpool - DEBUG - Starting new HTTP connection (1): 127.0.0.1:5000
2023-03-07 13:02:17,462 - urllib3.connectionpool - DEBUG - http://127.0.0.1:5000 "DELETE /doctor-api/111 HTTP/1.1" 404 49
2023-03-07 13:05:50,951 - urllib3.connectionpool - DEBUG - Starting new HTTP connection (1): 127.0.0.1:5000
2023-03-07 13:05:50,957 - urllib3.connectionpool - DEBUG - http://127.0.0.1:5000 "GET /patient-api HTTP/1.1" 200 2704
2023-03-07 13:05:50,960 - urllib3.connectionpool - DEBUG - Starting new HTTP connection (1): 127.0.0.1:5000
2023-03-07 13:05:51,018 - urllib3.connectionpool - DEBUG - http://127.0.0.1:5000 "POST /patient-api HTTP/1.1" 200 266
2023-03-07 13:06:08,311 - urllib3.connectionpool - DEBUG - Starting new HTTP connection (1): 127.0.0.1:5000
2023-03-07 13:06:08,317 - urllib3.connectionpool - DEBUG - http://127.0.0.1:5000 "GET /patient-api HTTP/1.1" 200 2913
2023-03-07 13:06:08,320 - urllib3.connectionpool - DEBUG - Starting new HTTP connection (1): 127.0.0.1:5000
2023-03-07 13:06:08,468 - urllib3.connectionpool - DEBUG - http://127.0.0.1:5000 "POST /patient-api HTTP/1.1" 200 266
2023-03-07 13:06:08,473 - urllib3.connectionpool - DEBUG - Starting new HTTP connection (1): 127.0.0.1:5000
2023-03-07 13:06:08,478 - urllib3.connectionpool - DEBUG - http://127.0.0.1:5000 "GET /patient-api/113 HTTP/1.1" 200 208
2023-03-07 13:06:08,505 - urllib3.connectionpool - DEBUG - Starting new HTTP connection (1): 127.0.0.1:5000
2023-03-07 13:06:08,508 - urllib3.connectionpool - DEBUG - http://127.0.0.1:5000 "GET /doctor-api/113 HTTP/1.1" 404 49
2023-03-07 13:06:08,510 - urllib3.connectionpool - DEBUG - Starting new HTTP connection (1): 127.0.0.1:5000
2023-03-07 13:06:08,515 - urllib3.connectionpool - DEBUG - http://127.0.0.1:5000 "DELETE /doctor-api/113 HTTP/1.1" 404 49
2023-03-07 13:16:27,035 - urllib3.connectionpool - DEBUG - Starting new HTTP connection (1): 127.0.0.1:5000
2023-03-07 13:16:27,041 - urllib3.connectionpool - DEBUG - http://127.0.0.1:5000 "GET /patient-api HTTP/1.1" 200 3122
2023-03-07 13:16:27,043 - urllib3.connectionpool - DEBUG - Starting new HTTP connection (1): 127.0.0.1:5000
2023-03-07 13:16:27,124 - urllib3.connectionpool - DEBUG - http://127.0.0.1:5000 "POST /patient-api HTTP/1.1" 200 266
2023-03-07 13:16:27,336 - urllib3.connectionpool - DEBUG - Starting new HTTP connection (1): 127.0.0.1:5000
2023-03-07 13:16:27,408 - urllib3.connectionpool - DEBUG - http://127.0.0.1:5000 "POST /patient-api/appoint/114 HTTP/1.1" 200 287
2023-03-07 13:16:27,412 - urllib3.connectionpool - DEBUG - Starting new HTTP connection (1): 127.0.0.1:5000
2023-03-07 13:16:27,490 - urllib3.connectionpool - DEBUG - http://127.0.0.1:5000 "DELETE /patient-api/appoint/114 HTTP/1.1" 200 284
2023-03-07 13:16:27,492 - urllib3.connectionpool - DEBUG - Starting new HTTP connection (1): 127.0.0.1:5000
2023-03-07 13:16:27,547 - urllib3.connectionpool - DEBUG - http://127.0.0.1:5000 "DELETE /patient-api/114 HTTP/1.1" 200 48
2023-03-07 13:16:27,550 - urllib3.connectionpool - DEBUG - Starting new HTTP connection (1): 127.0.0.1:5000
2023-03-07 13:16:27,632 - urllib3.connectionpool - DEBUG - http://127.0.0.1:5000 "DELETE /doctor-api/188 HTTP/1.1" 200 47
2023-03-07 13:16:56,037 - urllib3.connectionpool - DEBUG - Starting new HTTP connection (1): 127.0.0.1:5000
2023-03-07 13:16:56,042 - urllib3.connectionpool - DEBUG - http://127.0.0.1:5000 "GET /patient-api HTTP/1.1" 200 3122
2023-03-07 13:16:56,046 - urllib3.connectionpool - DEBUG - Starting new HTTP connection (1): 127.0.0.1:5000
2023-03-07 13:16:56,128 - urllib3.connectionpool - DEBUG - http://127.0.0.1:5000 "POST /patient-api HTTP/1.1" 200 267
2023-03-07 13:16:56,368 - urllib3.connectionpool - DEBUG - Starting new HTTP connection (1): 127.0.0.1:5000
2023-03-07 13:16:56,505 - urllib3.connectionpool - DEBUG - http://127.0.0.1:5000 "DELETE /patient-api/116 HTTP/1.1" 200 48
2023-03-07 13:16:56,510 - urllib3.connectionpool - DEBUG - Starting new HTTP connection (1): 127.0.0.1:5000
2023-03-07 13:16:56,516 - urllib3.connectionpool - DEBUG - http://127.0.0.1:5000 "GET /patient-api HTTP/1.1" 200 3332
2023-03-07 13:16:56,519 - urllib3.connectionpool - DEBUG - Starting new HTTP connection (1): 127.0.0.1:5000
2023-03-07 13:16:56,612 - urllib3.connectionpool - DEBUG - http://127.0.0.1:5000 "POST /patient-api HTTP/1.1" 200 266
2023-03-07 13:16:56,615 - urllib3.connectionpool - DEBUG - Starting new HTTP connection (1): 127.0.0.1:5000
2023-03-07 13:16:56,618 - urllib3.connectionpool - DEBUG - http://127.0.0.1:5000 "GET /patient-api/117 HTTP/1.1" 200 208
2023-03-07 13:16:56,628 - urllib3.connectionpool - DEBUG - Starting new HTTP connection (1): 127.0.0.1:5000
2023-03-07 13:16:56,631 - urllib3.connectionpool - DEBUG - http://127.0.0.1:5000 "GET /patient-api/117 HTTP/1.1" 200 208
2023-03-07 13:16:56,633 - urllib3.connectionpool - DEBUG - Starting new HTTP connection (1): 127.0.0.1:5000
2023-03-07 13:16:56,687 - urllib3.connectionpool - DEBUG - http://127.0.0.1:5000 "PUT /patient-api/117 HTTP/1.1" 500 37
2023-03-07 13:16:56,688 - src - ERROR - Exception on /patients-edit/117 [POST]
Traceback (most recent call last):
  File "/home/denys/python/dentistClinic/venv/lib/python3.10/site-packages/flask/app.py", line 2528, in wsgi_app
    response = self.full_dispatch_request()
  File "/home/denys/python/dentistClinic/venv/lib/python3.10/site-packages/flask/app.py", line 1825, in full_dispatch_request
    rv = self.handle_user_exception(e)
  File "/home/denys/python/dentistClinic/venv/lib/python3.10/site-packages/flask_restful/__init__.py", line 271, in error_router
    return original_handler(e)
  File "/home/denys/python/dentistClinic/venv/lib/python3.10/site-packages/flask_restful/__init__.py", line 271, in error_router
    return original_handler(e)
  File "/home/denys/python/dentistClinic/venv/lib/python3.10/site-packages/flask/app.py", line 1823, in full_dispatch_request
    rv = self.dispatch_request()
  File "/home/denys/python/dentistClinic/venv/lib/python3.10/site-packages/flask/app.py", line 1799, in dispatch_request
    return self.ensure_sync(self.view_functions[rule.endpoint])(**view_args)
  File "/home/denys/python/dentistClinic/src/views/patient_routes.py", line 97, in edit
    return redirect(url_for('patient_routes.info', patient_id=req['patient_id']))
KeyError: 'patient_id'
2023-03-07 13:16:56,782 - urllib3.connectionpool - DEBUG - Starting new HTTP connection (1): 127.0.0.1:5000
2023-03-07 13:16:56,913 - urllib3.connectionpool - DEBUG - http://127.0.0.1:5000 "GET /patient-api HTTP/1.1" 200 3541
2023-03-07 13:16:57,073 - urllib3.connectionpool - DEBUG - Starting new HTTP connection (1): 127.0.0.1:5000
2023-03-07 13:16:57,077 - urllib3.connectionpool - DEBUG - http://127.0.0.1:5000 "GET /patient-api/118 HTTP/1.1" 200 212
2023-03-07 13:16:57,080 - urllib3.connectionpool - DEBUG - Starting new HTTP connection (1): 127.0.0.1:5000
2023-03-07 13:16:57,085 - urllib3.connectionpool - DEBUG - http://127.0.0.1:5000 "GET /doctor-api HTTP/1.1" 200 1539
2023-03-07 13:16:57,096 - urllib3.connectionpool - DEBUG - Starting new HTTP connection (1): 127.0.0.1:5000
2023-03-07 13:16:57,229 - urllib3.connectionpool - DEBUG - http://127.0.0.1:5000 "DELETE /patient-api/118 HTTP/1.1" 200 48
2023-03-07 13:16:57,233 - urllib3.connectionpool - DEBUG - Starting new HTTP connection (1): 127.0.0.1:5000
2023-03-07 13:16:57,239 - urllib3.connectionpool - DEBUG - http://127.0.0.1:5000 "GET /patient-api HTTP/1.1" 200 3541
2023-03-07 13:16:57,242 - urllib3.connectionpool - DEBUG - Starting new HTTP connection (1): 127.0.0.1:5000
2023-03-07 13:16:57,330 - urllib3.connectionpool - DEBUG - http://127.0.0.1:5000 "POST /patient-api HTTP/1.1" 200 266
2023-03-07 13:16:57,423 - urllib3.connectionpool - DEBUG - Starting new HTTP connection (1): 127.0.0.1:5000
2023-03-07 13:16:57,516 - urllib3.connectionpool - DEBUG - http://127.0.0.1:5000 "POST /patient-api/appoint/119 HTTP/1.1" 200 287
2023-03-07 13:16:57,518 - urllib3.connectionpool - DEBUG - Starting new HTTP connection (1): 127.0.0.1:5000
2023-03-07 13:16:57,590 - urllib3.connectionpool - DEBUG - http://127.0.0.1:5000 "DELETE /patient-api/appoint/119 HTTP/1.1" 200 284
2023-03-07 13:16:57,593 - urllib3.connectionpool - DEBUG - Starting new HTTP connection (1): 127.0.0.1:5000
2023-03-07 13:16:57,672 - urllib3.connectionpool - DEBUG - http://127.0.0.1:5000 "DELETE /patient-api/119 HTTP/1.1" 200 48
2023-03-07 13:16:57,673 - urllib3.connectionpool - DEBUG - Starting new HTTP connection (1): 127.0.0.1:5000
2023-03-07 13:16:57,747 - urllib3.connectionpool - DEBUG - http://127.0.0.1:5000 "DELETE /doctor-api/189 HTTP/1.1" 200 47
2023-03-07 13:17:07,211 - urllib3.connectionpool - DEBUG - Starting new HTTP connection (1): 127.0.0.1:5000
2023-03-07 13:17:07,216 - urllib3.connectionpool - DEBUG - http://127.0.0.1:5000 "GET /patient-api HTTP/1.1" 200 3541
2023-03-07 13:17:15,052 - urllib3.connectionpool - DEBUG - Starting new HTTP connection (1): 127.0.0.1:5000
2023-03-07 13:17:15,229 - urllib3.connectionpool - DEBUG - http://127.0.0.1:5000 "DELETE /patient-api/120 HTTP/1.1" 200 48
2023-03-07 13:17:21,546 - urllib3.connectionpool - DEBUG - Starting new HTTP connection (1): 127.0.0.1:5000
2023-03-07 13:17:21,550 - urllib3.connectionpool - DEBUG - http://127.0.0.1:5000 "GET /patient-api/121 HTTP/1.1" 200 212
2023-03-07 13:17:21,551 - urllib3.connectionpool - DEBUG - Starting new HTTP connection (1): 127.0.0.1:5000
2023-03-07 13:17:21,555 - urllib3.connectionpool - DEBUG - http://127.0.0.1:5000 "GET /doctor-api HTTP/1.1" 200 1539
2023-03-07 13:17:21,584 - urllib3.connectionpool - DEBUG - Starting new HTTP connection (1): 127.0.0.1:5000
2023-03-07 13:17:21,644 - urllib3.connectionpool - DEBUG - http://127.0.0.1:5000 "DELETE /patient-api/121 HTTP/1.1" 200 48
2023-03-07 13:17:25,100 - urllib3.connectionpool - DEBUG - Starting new HTTP connection (1): 127.0.0.1:5000
2023-03-07 13:17:25,105 - urllib3.connectionpool - DEBUG - http://127.0.0.1:5000 "GET /patient-api HTTP/1.1" 200 3541
2023-03-07 13:17:25,108 - urllib3.connectionpool - DEBUG - Starting new HTTP connection (1): 127.0.0.1:5000
2023-03-07 13:17:25,180 - urllib3.connectionpool - DEBUG - http://127.0.0.1:5000 "POST /patient-api HTTP/1.1" 200 267
2023-03-07 13:17:28,589 - urllib3.connectionpool - DEBUG - Starting new HTTP connection (1): 127.0.0.1:5000
2023-03-07 13:17:28,595 - urllib3.connectionpool - DEBUG - http://127.0.0.1:5000 "GET /patient-api HTTP/1.1" 200 3751
2023-03-07 13:17:28,597 - urllib3.connectionpool - DEBUG - Starting new HTTP connection (1): 127.0.0.1:5000
2023-03-07 13:17:28,732 - urllib3.connectionpool - DEBUG - http://127.0.0.1:5000 "POST /patient-api HTTP/1.1" 200 266
2023-03-07 13:17:28,736 - urllib3.connectionpool - DEBUG - Starting new HTTP connection (1): 127.0.0.1:5000
2023-03-07 13:17:28,740 - urllib3.connectionpool - DEBUG - http://127.0.0.1:5000 "GET /patient-api/123 HTTP/1.1" 200 208
2023-03-07 13:17:28,763 - urllib3.connectionpool - DEBUG - Starting new HTTP connection (1): 127.0.0.1:5000
2023-03-07 13:17:28,767 - urllib3.connectionpool - DEBUG - http://127.0.0.1:5000 "GET /patient-api/123 HTTP/1.1" 200 208
2023-03-07 13:17:28,768 - urllib3.connectionpool - DEBUG - Starting new HTTP connection (1): 127.0.0.1:5000
2023-03-07 13:17:28,770 - urllib3.connectionpool - DEBUG - http://127.0.0.1:5000 "PUT /patient-api/123 HTTP/1.1" 500 37
2023-03-07 13:17:28,771 - src - ERROR - Exception on /patients-edit/123 [POST]
Traceback (most recent call last):
  File "/home/denys/python/dentistClinic/venv/lib/python3.10/site-packages/flask/app.py", line 2528, in wsgi_app
    response = self.full_dispatch_request()
  File "/home/denys/python/dentistClinic/venv/lib/python3.10/site-packages/flask/app.py", line 1825, in full_dispatch_request
    rv = self.handle_user_exception(e)
  File "/home/denys/python/dentistClinic/venv/lib/python3.10/site-packages/flask_restful/__init__.py", line 271, in error_router
    return original_handler(e)
  File "/home/denys/python/dentistClinic/venv/lib/python3.10/site-packages/flask_restful/__init__.py", line 271, in error_router
    return original_handler(e)
  File "/home/denys/python/dentistClinic/venv/lib/python3.10/site-packages/flask/app.py", line 1823, in full_dispatch_request
    rv = self.dispatch_request()
  File "/home/denys/python/dentistClinic/venv/lib/python3.10/site-packages/flask/app.py", line 1799, in dispatch_request
    return self.ensure_sync(self.view_functions[rule.endpoint])(**view_args)
  File "/home/denys/python/dentistClinic/src/views/patient_routes.py", line 97, in edit
    return redirect(url_for('patient_routes.info', patient_id=req['patient_id']))
KeyError: 'patient_id'
2023-03-07 13:18:01,010 - urllib3.connectionpool - DEBUG - Starting new HTTP connection (1): 127.0.0.1:5000
2023-03-07 13:18:01,017 - urllib3.connectionpool - DEBUG - http://127.0.0.1:5000 "GET /patient-api HTTP/1.1" 200 3960
2023-03-07 13:18:01,019 - urllib3.connectionpool - DEBUG - Starting new HTTP connection (1): 127.0.0.1:5000
2023-03-07 13:18:01,081 - urllib3.connectionpool - DEBUG - http://127.0.0.1:5000 "POST /patient-api HTTP/1.1" 200 266
2023-03-07 13:18:01,086 - urllib3.connectionpool - DEBUG - Starting new HTTP connection (1): 127.0.0.1:5000
2023-03-07 13:18:01,090 - urllib3.connectionpool - DEBUG - http://127.0.0.1:5000 "GET /patient-api/124 HTTP/1.1" 200 208
2023-03-07 13:18:01,106 - urllib3.connectionpool - DEBUG - Starting new HTTP connection (1): 127.0.0.1:5000
2023-03-07 13:18:01,109 - urllib3.connectionpool - DEBUG - http://127.0.0.1:5000 "GET /patient-api/124 HTTP/1.1" 200 208
2023-03-07 13:18:01,112 - urllib3.connectionpool - DEBUG - Starting new HTTP connection (1): 127.0.0.1:5000
2023-03-07 13:18:01,114 - urllib3.connectionpool - DEBUG - http://127.0.0.1:5000 "PUT /patient-api/124 HTTP/1.1" 500 37
2023-03-07 13:18:01,115 - src - ERROR - Exception on /patients-edit/124 [POST]
Traceback (most recent call last):
  File "/home/denys/python/dentistClinic/venv/lib/python3.10/site-packages/flask/app.py", line 2528, in wsgi_app
    response = self.full_dispatch_request()
  File "/home/denys/python/dentistClinic/venv/lib/python3.10/site-packages/flask/app.py", line 1825, in full_dispatch_request
    rv = self.handle_user_exception(e)
  File "/home/denys/python/dentistClinic/venv/lib/python3.10/site-packages/flask_restful/__init__.py", line 271, in error_router
    return original_handler(e)
  File "/home/denys/python/dentistClinic/venv/lib/python3.10/site-packages/flask_restful/__init__.py", line 271, in error_router
    return original_handler(e)
  File "/home/denys/python/dentistClinic/venv/lib/python3.10/site-packages/flask/app.py", line 1823, in full_dispatch_request
    rv = self.dispatch_request()
  File "/home/denys/python/dentistClinic/venv/lib/python3.10/site-packages/flask/app.py", line 1799, in dispatch_request
    return self.ensure_sync(self.view_functions[rule.endpoint])(**view_args)
  File "/home/denys/python/dentistClinic/src/views/patient_routes.py", line 97, in edit
    return redirect(url_for('patient_routes.info', patient_id=req['patient_id']))
KeyError: 'patient_id'
2023-03-07 13:19:19,218 - urllib3.connectionpool - DEBUG - Starting new HTTP connection (1): 127.0.0.1:5000
2023-03-07 13:19:19,224 - urllib3.connectionpool - DEBUG - http://127.0.0.1:5000 "GET /patient-api HTTP/1.1" 200 4169
2023-03-07 13:19:19,227 - urllib3.connectionpool - DEBUG - Starting new HTTP connection (1): 127.0.0.1:5000
2023-03-07 13:19:19,293 - urllib3.connectionpool - DEBUG - http://127.0.0.1:5000 "POST /patient-api HTTP/1.1" 200 266
2023-03-07 13:19:19,298 - urllib3.connectionpool - DEBUG - Starting new HTTP connection (1): 127.0.0.1:5000
2023-03-07 13:19:19,302 - urllib3.connectionpool - DEBUG - http://127.0.0.1:5000 "GET /patient-api/125 HTTP/1.1" 200 208
2023-03-07 13:19:19,325 - urllib3.connectionpool - DEBUG - Starting new HTTP connection (1): 127.0.0.1:5000
2023-03-07 13:19:19,328 - urllib3.connectionpool - DEBUG - http://127.0.0.1:5000 "GET /patient-api/125 HTTP/1.1" 200 208
2023-03-07 13:19:19,330 - urllib3.connectionpool - DEBUG - Starting new HTTP connection (1): 127.0.0.1:5000
2023-03-07 13:19:19,332 - urllib3.connectionpool - DEBUG - http://127.0.0.1:5000 "PUT /patient-api/125 HTTP/1.1" 500 37
2023-03-07 13:19:19,333 - src - ERROR - Exception on /patients-edit/125 [POST]
Traceback (most recent call last):
  File "/home/denys/python/dentistClinic/venv/lib/python3.10/site-packages/flask/app.py", line 2528, in wsgi_app
    response = self.full_dispatch_request()
  File "/home/denys/python/dentistClinic/venv/lib/python3.10/site-packages/flask/app.py", line 1825, in full_dispatch_request
    rv = self.handle_user_exception(e)
  File "/home/denys/python/dentistClinic/venv/lib/python3.10/site-packages/flask_restful/__init__.py", line 271, in error_router
    return original_handler(e)
  File "/home/denys/python/dentistClinic/venv/lib/python3.10/site-packages/flask_restful/__init__.py", line 271, in error_router
    return original_handler(e)
  File "/home/denys/python/dentistClinic/venv/lib/python3.10/site-packages/flask/app.py", line 1823, in full_dispatch_request
    rv = self.dispatch_request()
  File "/home/denys/python/dentistClinic/venv/lib/python3.10/site-packages/flask/app.py", line 1799, in dispatch_request
    return self.ensure_sync(self.view_functions[rule.endpoint])(**view_args)
  File "/home/denys/python/dentistClinic/src/views/patient_routes.py", line 98, in edit
    return redirect(url_for('patient_routes.info', patient_id=req['patient_id']))
KeyError: 'patient_id'
2023-03-07 13:21:54,571 - urllib3.connectionpool - DEBUG - Starting new HTTP connection (1): 127.0.0.1:5000
2023-03-07 13:21:54,576 - urllib3.connectionpool - DEBUG - http://127.0.0.1:5000 "GET /patient-api HTTP/1.1" 200 4378
2023-03-07 13:21:54,578 - urllib3.connectionpool - DEBUG - Starting new HTTP connection (1): 127.0.0.1:5000
2023-03-07 13:21:54,704 - urllib3.connectionpool - DEBUG - http://127.0.0.1:5000 "POST /patient-api HTTP/1.1" 200 266
2023-03-07 13:21:54,708 - urllib3.connectionpool - DEBUG - Starting new HTTP connection (1): 127.0.0.1:5000
2023-03-07 13:21:54,712 - urllib3.connectionpool - DEBUG - http://127.0.0.1:5000 "GET /patient-api/126 HTTP/1.1" 200 208
2023-03-07 13:21:54,735 - urllib3.connectionpool - DEBUG - Starting new HTTP connection (1): 127.0.0.1:5000
2023-03-07 13:21:54,738 - urllib3.connectionpool - DEBUG - http://127.0.0.1:5000 "GET /patient-api/126 HTTP/1.1" 200 208
2023-03-07 13:21:54,740 - urllib3.connectionpool - DEBUG - Starting new HTTP connection (1): 127.0.0.1:5000
2023-03-07 13:21:54,742 - urllib3.connectionpool - DEBUG - http://127.0.0.1:5000 "PUT /patient-api/126 HTTP/1.1" 500 37
2023-03-07 13:21:54,742 - src - ERROR - Exception on /patients-edit/126 [POST]
Traceback (most recent call last):
  File "/home/denys/python/dentistClinic/venv/lib/python3.10/site-packages/flask/app.py", line 2528, in wsgi_app
    response = self.full_dispatch_request()
  File "/home/denys/python/dentistClinic/venv/lib/python3.10/site-packages/flask/app.py", line 1825, in full_dispatch_request
    rv = self.handle_user_exception(e)
  File "/home/denys/python/dentistClinic/venv/lib/python3.10/site-packages/flask_restful/__init__.py", line 271, in error_router
    return original_handler(e)
  File "/home/denys/python/dentistClinic/venv/lib/python3.10/site-packages/flask_restful/__init__.py", line 271, in error_router
    return original_handler(e)
  File "/home/denys/python/dentistClinic/venv/lib/python3.10/site-packages/flask/app.py", line 1823, in full_dispatch_request
    rv = self.dispatch_request()
  File "/home/denys/python/dentistClinic/venv/lib/python3.10/site-packages/flask/app.py", line 1799, in dispatch_request
    return self.ensure_sync(self.view_functions[rule.endpoint])(**view_args)
  File "/home/denys/python/dentistClinic/src/views/patient_routes.py", line 97, in edit
    return redirect(url_for('patient_routes.info', patient_id=req['patient_id']))
KeyError: 'patient_id'
2023-03-07 13:22:42,980 - urllib3.connectionpool - DEBUG - Starting new HTTP connection (1): 127.0.0.1:5000
2023-03-07 13:22:42,984 - urllib3.connectionpool - DEBUG - http://127.0.0.1:5000 "GET /patient-api HTTP/1.1" 200 4587
2023-03-07 13:22:42,986 - urllib3.connectionpool - DEBUG - Starting new HTTP connection (1): 127.0.0.1:5000
2023-03-07 13:22:43,064 - urllib3.connectionpool - DEBUG - http://127.0.0.1:5000 "POST /patient-api HTTP/1.1" 200 266
2023-03-07 13:22:43,068 - urllib3.connectionpool - DEBUG - Starting new HTTP connection (1): 127.0.0.1:5000
2023-03-07 13:22:43,072 - urllib3.connectionpool - DEBUG - http://127.0.0.1:5000 "GET /patient-api/127 HTTP/1.1" 200 208
2023-03-07 13:22:43,097 - urllib3.connectionpool - DEBUG - Starting new HTTP connection (1): 127.0.0.1:5000
2023-03-07 13:22:43,100 - urllib3.connectionpool - DEBUG - http://127.0.0.1:5000 "GET /patient-api/127 HTTP/1.1" 200 208
2023-03-07 13:22:43,103 - urllib3.connectionpool - DEBUG - Starting new HTTP connection (1): 127.0.0.1:5000
2023-03-07 13:22:43,161 - urllib3.connectionpool - DEBUG - http://127.0.0.1:5000 "PUT /patient-api/127 HTTP/1.1" 200 213
2023-03-07 13:22:43,163 - urllib3.connectionpool - DEBUG - Starting new HTTP connection (1): 127.0.0.1:5000
2023-03-07 13:22:43,220 - urllib3.connectionpool - DEBUG - http://127.0.0.1:5000 "DELETE /patient-api/127 HTTP/1.1" 200 48
2023-03-07 13:22:49,436 - urllib3.connectionpool - DEBUG - Starting new HTTP connection (1): 127.0.0.1:5000
2023-03-07 13:22:49,441 - urllib3.connectionpool - DEBUG - http://127.0.0.1:5000 "GET /patient-api HTTP/1.1" 200 4587
2023-03-07 13:22:49,443 - urllib3.connectionpool - DEBUG - Starting new HTTP connection (1): 127.0.0.1:5000
2023-03-07 13:22:49,549 - urllib3.connectionpool - DEBUG - http://127.0.0.1:5000 "POST /patient-api HTTP/1.1" 200 266
2023-03-07 13:22:49,701 - urllib3.connectionpool - DEBUG - Starting new HTTP connection (1): 127.0.0.1:5000
2023-03-07 13:22:49,891 - urllib3.connectionpool - DEBUG - http://127.0.0.1:5000 "POST /patient-api/appoint/128 HTTP/1.1" 200 287
2023-03-07 13:22:49,893 - urllib3.connectionpool - DEBUG - Starting new HTTP connection (1): 127.0.0.1:5000
2023-03-07 13:22:49,974 - urllib3.connectionpool - DEBUG - http://127.0.0.1:5000 "DELETE /patient-api/appoint/128 HTTP/1.1" 200 284
2023-03-07 13:22:49,976 - urllib3.connectionpool - DEBUG - Starting new HTTP connection (1): 127.0.0.1:5000
2023-03-07 13:22:50,123 - urllib3.connectionpool - DEBUG - http://127.0.0.1:5000 "DELETE /patient-api/128 HTTP/1.1" 200 48
2023-03-07 13:22:50,125 - urllib3.connectionpool - DEBUG - Starting new HTTP connection (1): 127.0.0.1:5000
2023-03-07 13:22:50,207 - urllib3.connectionpool - DEBUG - http://127.0.0.1:5000 "DELETE /doctor-api/190 HTTP/1.1" 200 47
2023-03-07 13:22:54,273 - urllib3.connectionpool - DEBUG - Starting new HTTP connection (1): 127.0.0.1:5000
2023-03-07 13:22:54,279 - urllib3.connectionpool - DEBUG - http://127.0.0.1:5000 "GET /patient-api HTTP/1.1" 200 4587
2023-03-07 13:22:54,281 - urllib3.connectionpool - DEBUG - Starting new HTTP connection (1): 127.0.0.1:5000
2023-03-07 13:22:54,345 - urllib3.connectionpool - DEBUG - http://127.0.0.1:5000 "POST /patient-api HTTP/1.1" 200 267
2023-03-07 13:22:54,514 - urllib3.connectionpool - DEBUG - Starting new HTTP connection (1): 127.0.0.1:5000
2023-03-07 13:22:54,594 - urllib3.connectionpool - DEBUG - http://127.0.0.1:5000 "DELETE /patient-api/130 HTTP/1.1" 200 48
2023-03-07 13:22:54,598 - urllib3.connectionpool - DEBUG - Starting new HTTP connection (1): 127.0.0.1:5000
2023-03-07 13:22:54,602 - urllib3.connectionpool - DEBUG - http://127.0.0.1:5000 "GET /patient-api HTTP/1.1" 200 4797
2023-03-07 13:22:54,604 - urllib3.connectionpool - DEBUG - Starting new HTTP connection (1): 127.0.0.1:5000
2023-03-07 13:22:54,676 - urllib3.connectionpool - DEBUG - http://127.0.0.1:5000 "POST /patient-api HTTP/1.1" 200 266
2023-03-07 13:22:54,679 - urllib3.connectionpool - DEBUG - Starting new HTTP connection (1): 127.0.0.1:5000
2023-03-07 13:22:54,683 - urllib3.connectionpool - DEBUG - http://127.0.0.1:5000 "GET /patient-api/131 HTTP/1.1" 200 208
2023-03-07 13:22:54,692 - urllib3.connectionpool - DEBUG - Starting new HTTP connection (1): 127.0.0.1:5000
2023-03-07 13:22:54,695 - urllib3.connectionpool - DEBUG - http://127.0.0.1:5000 "GET /patient-api/131 HTTP/1.1" 200 208
2023-03-07 13:22:54,698 - urllib3.connectionpool - DEBUG - Starting new HTTP connection (1): 127.0.0.1:5000
2023-03-07 13:22:54,820 - urllib3.connectionpool - DEBUG - http://127.0.0.1:5000 "PUT /patient-api/131 HTTP/1.1" 200 213
2023-03-07 13:22:54,822 - urllib3.connectionpool - DEBUG - Starting new HTTP connection (1): 127.0.0.1:5000
2023-03-07 13:22:54,937 - urllib3.connectionpool - DEBUG - http://127.0.0.1:5000 "DELETE /patient-api/131 HTTP/1.1" 200 48
2023-03-07 13:22:54,942 - urllib3.connectionpool - DEBUG - Starting new HTTP connection (1): 127.0.0.1:5000
2023-03-07 13:22:54,949 - urllib3.connectionpool - DEBUG - http://127.0.0.1:5000 "GET /patient-api HTTP/1.1" 200 4797
2023-03-07 13:22:55,031 - urllib3.connectionpool - DEBUG - Starting new HTTP connection (1): 127.0.0.1:5000
2023-03-07 13:22:55,035 - urllib3.connectionpool - DEBUG - http://127.0.0.1:5000 "GET /patient-api/132 HTTP/1.1" 200 212
2023-03-07 13:22:55,038 - urllib3.connectionpool - DEBUG - Starting new HTTP connection (1): 127.0.0.1:5000
2023-03-07 13:22:55,042 - urllib3.connectionpool - DEBUG - http://127.0.0.1:5000 "GET /doctor-api HTTP/1.1" 200 1539
2023-03-07 13:22:55,050 - urllib3.connectionpool - DEBUG - Starting new HTTP connection (1): 127.0.0.1:5000
2023-03-07 13:22:55,138 - urllib3.connectionpool - DEBUG - http://127.0.0.1:5000 "DELETE /patient-api/132 HTTP/1.1" 200 48
2023-03-07 13:22:55,144 - urllib3.connectionpool - DEBUG - Starting new HTTP connection (1): 127.0.0.1:5000
2023-03-07 13:22:55,150 - urllib3.connectionpool - DEBUG - http://127.0.0.1:5000 "GET /patient-api HTTP/1.1" 200 4797
2023-03-07 13:22:55,153 - urllib3.connectionpool - DEBUG - Starting new HTTP connection (1): 127.0.0.1:5000
2023-03-07 13:22:55,224 - urllib3.connectionpool - DEBUG - http://127.0.0.1:5000 "POST /patient-api HTTP/1.1" 200 266
2023-03-07 13:22:55,342 - urllib3.connectionpool - DEBUG - Starting new HTTP connection (1): 127.0.0.1:5000
2023-03-07 13:22:55,433 - urllib3.connectionpool - DEBUG - http://127.0.0.1:5000 "POST /patient-api/appoint/133 HTTP/1.1" 200 287
2023-03-07 13:22:55,436 - urllib3.connectionpool - DEBUG - Starting new HTTP connection (1): 127.0.0.1:5000
2023-03-07 13:22:55,525 - urllib3.connectionpool - DEBUG - http://127.0.0.1:5000 "DELETE /patient-api/appoint/133 HTTP/1.1" 200 284
2023-03-07 13:22:55,528 - urllib3.connectionpool - DEBUG - Starting new HTTP connection (1): 127.0.0.1:5000
2023-03-07 13:22:55,606 - urllib3.connectionpool - DEBUG - http://127.0.0.1:5000 "DELETE /patient-api/133 HTTP/1.1" 200 48
2023-03-07 13:22:55,608 - urllib3.connectionpool - DEBUG - Starting new HTTP connection (1): 127.0.0.1:5000
2023-03-07 13:22:55,698 - urllib3.connectionpool - DEBUG - http://127.0.0.1:5000 "DELETE /doctor-api/191 HTTP/1.1" 200 47
